32 1507 60 -1 -1 0
44 440 57 -1 -1 100
124 336 56 -1 -1 1110
45 159 52 -1 -1 11011
52 119 51 -1 -1 11001
50 116 51 -1 -1 11000
51 113 50 -1 -1 10110
49 112 49 -1 -1 10101
53 98 48 -1 -1 111111
54 87 48 -1 -1 111110
56 82 47 -1 -1 111100
48 82 47 -1 -1 111101
55 67 46 -1 -1 110101
13 59 46 -1 -1 110100
10 58 45 -1 -1 101111
91 55 44 -1 -1 101001
93 55 45 -1 -1 101110
43 18 42 -1 -1 10100011
57 15 42 -1 -1 10100010
110 3 37 -1 -1 1010000100
40 3 37 -1 -1 1010000101
41 3 38 -1 -1 1010000110
116 2 34 -1 -1 10100001111
97 2 35 -1 -1 1010000000
115 1 31 -1 -1 10100000010
112 1 31 -1 -1 10100000011
103 1 32 -1 -1 10100000100
104 1 32 -1 -1 10100000101
101 1 33 -1 -1 10100000110
102 1 33 -1 -1 10100000111
100 1 34 -1 -1 10100001110
